70811,70641,cell2DNA.py,1,1,1,False
70811,70641,cell2DNA.py,2,1,4,False
70811,70641,cell2DNA.py,3,1,7,True
70811,70641,cell2DNA.py,4,1,10,False
70811,70641,cell2DNA.py,5,1,13,True
70811,70641,cell2DNA.py,6,1,16,False
70811,70641,cell2DNA.py,7,1,19,True
70811,70641,cell2DNA.py,8,1,22,False
70811,70641,cell2DNA.py,9,1,25,False
70811,70641,cell2DNA.py,10,1,28,False
70811,70641,cell2DNA.py,11,1,31,True
70811,70641,cell2DNA.py,12,1,34,False
70811,70641,cell2DNA.py,13,1,37,True
70811,70641,cell2DNA.py,14,1,40,False
70811,70641,cell2DNA.py,15,1,43,True
70811,70641,cell2DNA.py,16,1,46,False
70811,70641,cell2DNA.py,17,1,49,False
70811,70641,cell2DNA.py,18,1,52,False
70811,70641,cell2DNA.py,19,1,55,False
70811,70641,cell2DNA.py,20,1,58,False
70811,70641,cell2DNA.py,21,1,61,True
70811,70641,cell2DNA.py,22,1,64,False
70811,70641,cell2DNA.py,23,1,67,True
70811,70641,cell2DNA.py,24,1,70,False
70811,70641,cell2DNA.py,25,1,73,True
70811,70641,cell2DNA.py,26,1,76,False
70811,70641,cell2DNA.py,27,1,79,True
70811,70641,cell2DNA.py,28,1,82,False
70811,70641,cell2DNA.py,29,1,85,False
70811,70641,cell2DNA.py,30,1,88,False
70811,70641,cell2DNA.py,31,1,91,False
70811,70641,cell2DNA.py,32,1,94,False
70811,70641,cell2DNA.py,33,1,97,True
70811,70641,cell2DNA.py,34,1,100,False
70811,70641,cell2DNA.py,35,1,103,True
70811,70641,cell2DNA.py,36,1,106,False
70811,70641,cell2DNA.py,37,1,109,True
70811,70641,cell2DNA.py,38,1,112,False
70811,70641,cell2DNA.py,39,1,115,False
70811,70641,cell2DNA.py,40,1,118,False
70811,70641,cell2DNA.py,41,1,121,False
70811,70641,cell2DNA.py,42,1,124,False
70811,70641,cell2DNA.py,43,1,127,True
70811,70641,cell2DNA.py,44,1,130,False
70811,70641,cell2DNA.py,45,1,133,False
70811,70641,cell2DNA.py,46,1,136,False
70811,70641,cell2DNA.py,47,1,139,True
70811,70641,cell2DNA.py,48,1,142,False
70811,70641,cell2DNA.py,49,1,145,False
70811,70641,cell2DNA.py,50,1,148,False
70811,70641,cell2DNA.py,51,1,151,True
70811,70641,cell2DNA.py,52,1,154,False
70811,70641,cell2DNA.py,53,1,157,True
70811,70641,cell2DNA.py,54,1,160,False
70811,70641,cell2DNA.py,55,1,163,True
70811,70641,cell2DNA.py,56,1,166,False
70811,70641,cell2DNA.py,57,1,169,False
70811,70641,cell2DNA.py,58,1,172,False
70811,70641,cell2DNA.py,59,1,175,False
70811,70641,cell2DNA.py,60,1,178,False
70811,70641,cell2DNA.py,61,1,181,True
70811,70641,cell2DNA.py,62,1,184,False
70811,70641,cell2DNA.py,63,1,187,False
70811,70641,cell2DNA.py,64,1,190,False
70811,70641,cell2DNA.py,65,1,193,True
70811,70641,cell2DNA.py,66,1,196,False
70811,70641,cell2DNA.py,67,1,199,True
70811,70641,cell2DNA.py,68,1,202,False
70811,70641,cell2DNA.py,69,1,205,False
70811,70641,cell2DNA.py,70,1,208,False
70811,70641,cell2DNA.py,71,1,211,True
70811,70641,cell2DNA.py,72,1,214,False
70811,70641,cell2DNA.py,73,1,217,False
70811,70641,cell2DNA.py,74,1,220,False
70811,70641,cell2DNA.py,75,1,223,True
70811,70641,cell2DNA.py,76,1,226,False
70811,70641,cell2DNA.py,77,1,229,True
70811,70641,cell2DNA.py,78,1,232,False
70811,70641,cell2DNA.py,79,1,235,False
70811,70641,cell2DNA.py,80,1,238,False
70811,70641,cell2DNA.py,81,1,241,True
70811,70641,cell2DNA.py,82,1,244,False
70811,70641,cell2DNA.py,83,1,247,False
70811,70641,cell2DNA.py,84,1,250,False
70811,70641,cell2DNA.py,85,1,253,False
70811,70641,cell2DNA.py,86,1,256,False
70811,70641,cell2DNA.py,87,1,259,False
70811,70641,cell2DNA.py,88,1,262,False
70811,70641,cell2DNA.py,89,1,265,False
70811,70641,cell2DNA.py,90,1,268,False
70811,70641,cell2DNA.py,91,1,271,True
70811,70641,cell2DNA.py,92,1,274,False
70811,70641,cell2DNA.py,93,1,277,True
70811,70641,cell2DNA.py,94,1,280,False
70811,70641,cell2DNA.py,95,1,283,True
70811,70641,cell2DNA.py,96,1,286,False
70811,70641,cell2DNA.py,97,1,289,False
70811,70641,cell2DNA.py,98,1,292,False
70811,70641,cell2DNA.py,99,1,295,False
70811,70641,cell2DNA.py,100,1,298,False
70811,70641,cell2DNA.py,101,1,301,False
70811,70641,cell2DNA.py,102,1,304,False
70811,70641,cell2DNA.py,103,1,307,True
70811,70641,cell2DNA.py,104,1,310,False
70811,70641,cell2DNA.py,105,1,313,True
70811,70641,cell2DNA.py,106,1,316,False
70811,70641,cell2DNA.py,107,1,319,False
70811,70641,cell2DNA.py,108,1,322,False
70811,70641,cell2DNA.py,109,1,325,False
70811,70641,cell2DNA.py,110,1,328,False
70811,70641,cell2DNA.py,111,1,331,True
70811,70641,cell2DNA.py,112,1,334,False
70811,70641,cell2DNA.py,113,1,337,True
70811,70641,cell2DNA.py,114,1,340,False
70811,70641,cell2DNA.py,115,1,343,False
70811,70641,cell2DNA.py,116,1,346,False
70811,70641,cell2DNA.py,117,1,349,True
70811,70641,cell2DNA.py,118,1,352,False
70811,70641,cell2DNA.py,119,1,355,False
70811,70641,cell2DNA.py,120,1,358,False
